{"C:\\Users\\prath\\OneDrive\\Desktop\\algobulls-github\\AlgoBulls2\\src\\pages\\Home.tsx": {"path":"C:\\Users\\prath\\OneDrive\\Desktop\\algobulls-github\\AlgoBulls2\\src\\pages\\Home.tsx","statementMap":{"0":{"start":{"line":14,"column":20},"end":{"line":14,"column":26}},"1":{"start":{"line":81,"column":27},"end":{"line":85,"column":1}},"2":{"start":{"line":87,"column":22},"end":{"line":95,"column":1}},"3":{"start":{"line":98,"column":13},"end":{"line":383,"column":1}},"4":{"start":{"line":99,"column":32},"end":{"line":99,"column":44}},"5":{"start":{"line":100,"column":28},"end":{"line":100,"column":48}},"6":{"start":{"line":101,"column":38},"end":{"line":101,"column":53}},"7":{"start":{"line":106,"column":22},"end":{"line":106,"column":71}},"8":{"start":{"line":106,"column":55},"end":{"line":106,"column":70}},"9":{"start":{"line":107,"column":16},"end":{"line":107,"column":33}},"10":{"start":{"line":108,"column":21},"end":{"line":108,"column":43}},"11":{"start":{"line":109,"column":20},"end":{"line":109,"column":41}},"12":{"start":{"line":110,"column":26},"end":{"line":110,"column":53}},"13":{"start":{"line":112,"column":21},"end":{"line":123,"column":3}},"14":{"start":{"line":113,"column":4},"end":{"line":122,"column":5}},"15":{"start":{"line":114,"column":30},"end":{"line":114,"column":60}},"16":{"start":{"line":115,"column":28},"end":{"line":115,"column":58}},"17":{"start":{"line":116,"column":27},"end":{"line":116,"column":78}},"18":{"start":{"line":116,"column":59},"end":{"line":116,"column":77}},"19":{"start":{"line":117,"column":6},"end":{"line":117,"column":29}},"20":{"start":{"line":119,"column":6},"end":{"line":121,"column":7}},"21":{"start":{"line":120,"column":8},"end":{"line":120,"column":37}},"22":{"start":{"line":138,"column":2},"end":{"line":140,"column":28}},"23":{"start":{"line":139,"column":4},"end":{"line":139,"column":17}},"24":{"start":{"line":143,"column":21},"end":{"line":163,"column":3}},"25":{"start":{"line":144,"column":4},"end":{"line":162,"column":5}},"26":{"start":{"line":145,"column":28},"end":{"line":158,"column":7}},"27":{"start":{"line":160,"column":6},"end":{"line":160,"column":32}},"28":{"start":{"line":161,"column":6},"end":{"line":161,"column":21}},"29":{"start":{"line":164,"column":24},"end":{"line":191,"column":3}},"30":{"start":{"line":165,"column":4},"end":{"line":190,"column":5}},"31":{"start":{"line":166,"column":32},"end":{"line":166,"column":62}},"32":{"start":{"line":169,"column":26},"end":{"line":169,"column":80}},"33":{"start":{"line":172,"column":30},"end":{"line":172,"column":54}},"34":{"start":{"line":174,"column":8},"end":{"line":185,"column":9}},"35":{"start":{"line":176,"column":29},"end":{"line":176,"column":54}},"36":{"start":{"line":178,"column":10},"end":{"line":181,"column":13}},"37":{"start":{"line":182,"column":10},"end":{"line":182,"column":41}},"38":{"start":{"line":182,"column":34},"end":{"line":182,"column":39}},"39":{"start":{"line":184,"column":10},"end":{"line":184,"column":75}},"40":{"start":{"line":187,"column":6},"end":{"line":189,"column":7}},"41":{"start":{"line":188,"column":8},"end":{"line":188,"column":37}},"42":{"start":{"line":193,"column":20},"end":{"line":225,"column":1}},"43":{"start":{"line":194,"column":6},"end":{"line":224,"column":3}},"44":{"start":{"line":195,"column":31},"end":{"line":195,"column":61}},"45":{"start":{"line":198,"column":25},"end":{"line":198,"column":80}},"46":{"start":{"line":199,"column":28},"end":{"line":199,"column":53}},"47":{"start":{"line":201,"column":6},"end":{"line":217,"column":3}},"48":{"start":{"line":203,"column":25},"end":{"line":203,"column":50}},"49":{"start":{"line":204,"column":6},"end":{"line":207,"column":9}},"50":{"start":{"line":210,"column":8},"end":{"line":214,"column":11}},"51":{"start":{"line":215,"column":4},"end":{"line":215,"column":35}},"52":{"start":{"line":215,"column":28},"end":{"line":215,"column":33}},"53":{"start":{"line":216,"column":4},"end":{"line":216,"column":39}},"54":{"start":{"line":219,"column":4},"end":{"line":223,"column":5}},"55":{"start":{"line":220,"column":6},"end":{"line":220,"column":52}},"56":{"start":{"line":222,"column":6},"end":{"line":222,"column":44}},"57":{"start":{"line":227,"column":22},"end":{"line":273,"column":1}},"58":{"start":{"line":228,"column":2},"end":{"line":272,"column":3}},"59":{"start":{"line":229,"column":28},"end":{"line":229,"column":58}},"60":{"start":{"line":232,"column":25},"end":{"line":232,"column":80}},"61":{"start":{"line":235,"column":26},"end":{"line":235,"column":53}},"62":{"start":{"line":237,"column":4},"end":{"line":267,"column":5}},"63":{"start":{"line":239,"column":6},"end":{"line":262,"column":7}},"64":{"start":{"line":240,"column":21},"end":{"line":240,"column":31}},"65":{"start":{"line":243,"column":22},"end":{"line":243,"column":101}},"66":{"start":{"line":243,"column":68},"end":{"line":243,"column":100}},"67":{"start":{"line":245,"column":8},"end":{"line":261,"column":9}},"68":{"start":{"line":247,"column":10},"end":{"line":247,"column":40}},"69":{"start":{"line":249,"column":10},"end":{"line":249,"column":98}},"70":{"start":{"line":249,"column":72},"end":{"line":249,"column":96}},"71":{"start":{"line":250,"column":10},"end":{"line":250,"column":70}},"72":{"start":{"line":253,"column":10},"end":{"line":253,"column":62}},"73":{"start":{"line":256,"column":10},"end":{"line":256,"column":41}},"74":{"start":{"line":256,"column":34},"end":{"line":256,"column":39}},"75":{"start":{"line":258,"column":10},"end":{"line":258,"column":121}},"76":{"start":{"line":260,"column":10},"end":{"line":260,"column":17}},"77":{"start":{"line":264,"column":6},"end":{"line":264,"column":95}},"78":{"start":{"line":266,"column":6},"end":{"line":266,"column":66}},"79":{"start":{"line":269,"column":4},"end":{"line":271,"column":5}},"80":{"start":{"line":270,"column":6},"end":{"line":270,"column":35}},"81":{"start":{"line":275,"column":23},"end":{"line":305,"column":1}},"82":{"start":{"line":276,"column":2},"end":{"line":304,"column":3}},"83":{"start":{"line":277,"column":32},"end":{"line":277,"column":66}},"84":{"start":{"line":280,"column":27},"end":{"line":280,"column":86}},"85":{"start":{"line":281,"column":30},"end":{"line":281,"column":59}},"86":{"start":{"line":283,"column":4},"end":{"line":297,"column":5}},"87":{"start":{"line":285,"column":29},"end":{"line":285,"column":58}},"88":{"start":{"line":286,"column":6},"end":{"line":289,"column":9}},"89":{"start":{"line":292,"column":6},"end":{"line":296,"column":9}},"90":{"start":{"line":298,"column":4},"end":{"line":298,"column":35}},"91":{"start":{"line":298,"column":28},"end":{"line":298,"column":33}},"92":{"start":{"line":299,"column":4},"end":{"line":299,"column":44}},"93":{"start":{"line":301,"column":4},"end":{"line":303,"column":5}},"94":{"start":{"line":302,"column":6},"end":{"line":302,"column":35}},"95":{"start":{"line":307,"column":25},"end":{"line":352,"column":1}},"96":{"start":{"line":308,"column":2},"end":{"line":351,"column":3}},"97":{"start":{"line":309,"column":32},"end":{"line":309,"column":66}},"98":{"start":{"line":312,"column":28},"end":{"line":312,"column":87}},"99":{"start":{"line":315,"column":26},"end":{"line":315,"column":56}},"100":{"start":{"line":317,"column":4},"end":{"line":346,"column":5}},"101":{"start":{"line":319,"column":6},"end":{"line":341,"column":7}},"102":{"start":{"line":320,"column":21},"end":{"line":320,"column":31}},"103":{"start":{"line":323,"column":22},"end":{"line":323,"column":123}},"104":{"start":{"line":323,"column":82},"end":{"line":323,"column":122}},"105":{"start":{"line":325,"column":8},"end":{"line":340,"column":9}},"106":{"start":{"line":327,"column":10},"end":{"line":327,"column":45}},"107":{"start":{"line":329,"column":10},"end":{"line":329,"column":112}},"108":{"start":{"line":329,"column":82},"end":{"line":329,"column":110}},"109":{"start":{"line":331,"column":10},"end":{"line":331,"column":80}},"110":{"start":{"line":333,"column":10},"end":{"line":333,"column":72}},"111":{"start":{"line":335,"column":10},"end":{"line":335,"column":41}},"112":{"start":{"line":335,"column":34},"end":{"line":335,"column":39}},"113":{"start":{"line":337,"column":10},"end":{"line":337,"column":130}},"114":{"start":{"line":339,"column":10},"end":{"line":339,"column":17}},"115":{"start":{"line":343,"column":6},"end":{"line":343,"column":99}},"116":{"start":{"line":345,"column":6},"end":{"line":345,"column":66}},"117":{"start":{"line":348,"column":4},"end":{"line":350,"column":5}},"118":{"start":{"line":349,"column":6},"end":{"line":349,"column":35}},"119":{"start":{"line":356,"column":2},"end":{"line":382,"column":4}},"120":{"start":{"line":362,"column":130},"end":{"line":362,"column":156}},"121":{"start":{"line":369,"column":12},"end":{"line":377,"column":14}}},"fnMap":{"0":{"name":"(anonymous_0)","decl":{"start":{"line":98,"column":13},"end":{"line":98,"column":14}},"loc":{"start":{"line":98,"column":19},"end":{"line":383,"column":1}},"line":98},"1":{"name":"(anonymous_1)","decl":{"start":{"line":106,"column":34},"end":{"line":106,"column":35}},"loc":{"start":{"line":106,"column":55},"end":{"line":106,"column":70}},"line":106},"2":{"name":"(anonymous_2)","decl":{"start":{"line":112,"column":21},"end":{"line":112,"column":22}},"loc":{"start":{"line":112,"column":33},"end":{"line":123,"column":3}},"line":112},"3":{"name":"(anonymous_3)","decl":{"start":{"line":116,"column":50},"end":{"line":116,"column":51}},"loc":{"start":{"line":116,"column":59},"end":{"line":116,"column":77}},"line":116},"4":{"name":"(anonymous_4)","decl":{"start":{"line":138,"column":12},"end":{"line":138,"column":13}},"loc":{"start":{"line":138,"column":18},"end":{"line":140,"column":3}},"line":138},"5":{"name":"(anonymous_5)","decl":{"start":{"line":143,"column":21},"end":{"line":143,"column":22}},"loc":{"start":{"line":143,"column":27},"end":{"line":163,"column":3}},"line":143},"6":{"name":"(anonymous_6)","decl":{"start":{"line":164,"column":24},"end":{"line":164,"column":25}},"loc":{"start":{"line":164,"column":70},"end":{"line":191,"column":3}},"line":164},"7":{"name":"(anonymous_7)","decl":{"start":{"line":182,"column":24},"end":{"line":182,"column":25}},"loc":{"start":{"line":182,"column":34},"end":{"line":182,"column":39}},"line":182},"8":{"name":"(anonymous_8)","decl":{"start":{"line":193,"column":20},"end":{"line":193,"column":21}},"loc":{"start":{"line":193,"column":68},"end":{"line":225,"column":1}},"line":193},"9":{"name":"(anonymous_9)","decl":{"start":{"line":215,"column":18},"end":{"line":215,"column":19}},"loc":{"start":{"line":215,"column":28},"end":{"line":215,"column":33}},"line":215},"10":{"name":"(anonymous_10)","decl":{"start":{"line":227,"column":22},"end":{"line":227,"column":23}},"loc":{"start":{"line":227,"column":73},"end":{"line":273,"column":1}},"line":227},"11":{"name":"(anonymous_11)","decl":{"start":{"line":243,"column":45},"end":{"line":243,"column":46}},"loc":{"start":{"line":243,"column":68},"end":{"line":243,"column":100}},"line":243},"12":{"name":"(anonymous_12)","decl":{"start":{"line":249,"column":53},"end":{"line":249,"column":54}},"loc":{"start":{"line":249,"column":72},"end":{"line":249,"column":96}},"line":249},"13":{"name":"(anonymous_13)","decl":{"start":{"line":256,"column":24},"end":{"line":256,"column":25}},"loc":{"start":{"line":256,"column":34},"end":{"line":256,"column":39}},"line":256},"14":{"name":"(anonymous_14)","decl":{"start":{"line":275,"column":23},"end":{"line":275,"column":24}},"loc":{"start":{"line":275,"column":79},"end":{"line":305,"column":1}},"line":275},"15":{"name":"(anonymous_15)","decl":{"start":{"line":298,"column":18},"end":{"line":298,"column":19}},"loc":{"start":{"line":298,"column":28},"end":{"line":298,"column":33}},"line":298},"16":{"name":"(anonymous_16)","decl":{"start":{"line":307,"column":25},"end":{"line":307,"column":26}},"loc":{"start":{"line":307,"column":80},"end":{"line":352,"column":1}},"line":307},"17":{"name":"(anonymous_17)","decl":{"start":{"line":323,"column":50},"end":{"line":323,"column":51}},"loc":{"start":{"line":323,"column":82},"end":{"line":323,"column":122}},"line":323},"18":{"name":"(anonymous_18)","decl":{"start":{"line":329,"column":63},"end":{"line":329,"column":64}},"loc":{"start":{"line":329,"column":82},"end":{"line":329,"column":110}},"line":329},"19":{"name":"(anonymous_19)","decl":{"start":{"line":335,"column":24},"end":{"line":335,"column":25}},"loc":{"start":{"line":335,"column":34},"end":{"line":335,"column":39}},"line":335},"20":{"name":"(anonymous_20)","decl":{"start":{"line":362,"column":123},"end":{"line":362,"column":124}},"loc":{"start":{"line":362,"column":130},"end":{"line":362,"column":156}},"line":362},"21":{"name":"(anonymous_21)","decl":{"start":{"line":368,"column":21},"end":{"line":368,"column":22}},"loc":{"start":{"line":369,"column":12},"end":{"line":377,"column":14}},"line":369}},"branchMap":{"0":{"loc":{"start":{"line":119,"column":6},"end":{"line":121,"column":7}},"type":"if","locations":[{"start":{"line":119,"column":6},"end":{"line":121,"column":7}},{"start":{},"end":{}}],"line":119},"1":{"loc":{"start":{"line":144,"column":4},"end":{"line":162,"column":5}},"type":"if","locations":[{"start":{"line":144,"column":4},"end":{"line":162,"column":5}},{"start":{},"end":{}}],"line":144},"2":{"loc":{"start":{"line":174,"column":8},"end":{"line":185,"column":9}},"type":"if","locations":[{"start":{"line":174,"column":8},"end":{"line":185,"column":9}},{"start":{"line":183,"column":15},"end":{"line":185,"column":9}}],"line":174},"3":{"loc":{"start":{"line":187,"column":6},"end":{"line":189,"column":7}},"type":"if","locations":[{"start":{"line":187,"column":6},"end":{"line":189,"column":7}},{"start":{},"end":{}}],"line":187},"4":{"loc":{"start":{"line":201,"column":6},"end":{"line":217,"column":3}},"type":"if","locations":[{"start":{"line":201,"column":6},"end":{"line":217,"column":3}},{"start":{"line":208,"column":13},"end":{"line":217,"column":3}}],"line":201},"5":{"loc":{"start":{"line":219,"column":4},"end":{"line":223,"column":5}},"type":"if","locations":[{"start":{"line":219,"column":4},"end":{"line":223,"column":5}},{"start":{"line":221,"column":11},"end":{"line":223,"column":5}}],"line":219},"6":{"loc":{"start":{"line":237,"column":4},"end":{"line":267,"column":5}},"type":"if","locations":[{"start":{"line":237,"column":4},"end":{"line":267,"column":5}},{"start":{"line":265,"column":11},"end":{"line":267,"column":5}}],"line":237},"7":{"loc":{"start":{"line":245,"column":8},"end":{"line":261,"column":9}},"type":"if","locations":[{"start":{"line":245,"column":8},"end":{"line":261,"column":9}},{"start":{},"end":{}}],"line":245},"8":{"loc":{"start":{"line":269,"column":4},"end":{"line":271,"column":5}},"type":"if","locations":[{"start":{"line":269,"column":4},"end":{"line":271,"column":5}},{"start":{},"end":{}}],"line":269},"9":{"loc":{"start":{"line":283,"column":4},"end":{"line":297,"column":5}},"type":"if","locations":[{"start":{"line":283,"column":4},"end":{"line":297,"column":5}},{"start":{"line":290,"column":11},"end":{"line":297,"column":5}}],"line":283},"10":{"loc":{"start":{"line":301,"column":4},"end":{"line":303,"column":5}},"type":"if","locations":[{"start":{"line":301,"column":4},"end":{"line":303,"column":5}},{"start":{},"end":{}}],"line":301},"11":{"loc":{"start":{"line":317,"column":4},"end":{"line":346,"column":5}},"type":"if","locations":[{"start":{"line":317,"column":4},"end":{"line":346,"column":5}},{"start":{"line":344,"column":11},"end":{"line":346,"column":5}}],"line":317},"12":{"loc":{"start":{"line":325,"column":8},"end":{"line":340,"column":9}},"type":"if","locations":[{"start":{"line":325,"column":8},"end":{"line":340,"column":9}},{"start":{},"end":{}}],"line":325},"13":{"loc":{"start":{"line":348,"column":4},"end":{"line":350,"column":5}},"type":"if","locations":[{"start":{"line":348,"column":4},"end":{"line":350,"column":5}},{"start":{},"end":{}}],"line":348}},"s":{"0":0,"1":0,"2":0,"3":0,"4":0,"5":0,"6":0,"7":0,"8":0,"9":0,"10":0,"11":0,"12":0,"13":0,"14":0,"15":0,"16":0,"17":0,"18":0,"19":0,"20":0,"21":0,"22":0,"23":0,"24":0,"25":0,"26":0,"27":0,"28":0,"29":0,"30":0,"31":0,"32":0,"33":0,"34":0,"35":0,"36":0,"37":0,"38":0,"39":0,"40":0,"41":0,"42":0,"43":0,"44":0,"45":0,"46":0,"47":0,"48":0,"49":0,"50":0,"51":0,"52":0,"53":0,"54":0,"55":0,"56":0,"57":0,"58":0,"59":0,"60":0,"61":0,"62":0,"63":0,"64":0,"65":0,"66":0,"67":0,"68":0,"69":0,"70":0,"71":0,"72":0,"73":0,"74":0,"75":0,"76":0,"77":0,"78":0,"79":0,"80":0,"81":0,"82":0,"83":0,"84":0,"85":0,"86":0,"87":0,"88":0,"89":0,"90":0,"91":0,"92":0,"93":0,"94":0,"95":0,"96":0,"97":0,"98":0,"99":0,"100":0,"101":0,"102":0,"103":0,"104":0,"105":0,"106":0,"107":0,"108":0,"109":0,"110":0,"111":0,"112":0,"113":0,"114":0,"115":0,"116":0,"117":0,"118":0,"119":0,"120":0,"121":0},"f":{"0":0,"1":0,"2":0,"3":0,"4":0,"5":0,"6":0,"7":0,"8":0,"9":0,"10":0,"11":0,"12":0,"13":0,"14":0,"15":0,"16":0,"17":0,"18":0,"19":0,"20":0,"21":0},"b":{"0":[0,0],"1":[0,0],"2":[0,0],"3":[0,0],"4":[0,0],"5":[0,0],"6":[0,0],"7":[0,0],"8":[0,0],"9":[0,0],"10":[0,0],"11":[0,0],"12":[0,0],"13":[0,0]}}
}
