TN:
SF:src\pages\Home.tsx
FN:98,(anonymous_0)
FN:106,(anonymous_1)
FN:112,(anonymous_2)
FN:116,(anonymous_3)
FN:138,(anonymous_4)
FN:143,(anonymous_5)
FN:164,(anonymous_6)
FN:182,(anonymous_7)
FN:193,(anonymous_8)
FN:215,(anonymous_9)
FN:227,(anonymous_10)
FN:243,(anonymous_11)
FN:249,(anonymous_12)
FN:256,(anonymous_13)
FN:275,(anonymous_14)
FN:298,(anonymous_15)
FN:307,(anonymous_16)
FN:323,(anonymous_17)
FN:329,(anonymous_18)
FN:335,(anonymous_19)
FN:362,(anonymous_20)
FN:368,(anonymous_21)
FNF:22
FNH:0
FNDA:0,(anonymous_0)
FNDA:0,(anonymous_1)
FNDA:0,(anonymous_2)
FNDA:0,(anonymous_3)
FNDA:0,(anonymous_4)
FNDA:0,(anonymous_5)
FNDA:0,(anonymous_6)
FNDA:0,(anonymous_7)
FNDA:0,(anonymous_8)
FNDA:0,(anonymous_9)
FNDA:0,(anonymous_10)
FNDA:0,(anonymous_11)
FNDA:0,(anonymous_12)
FNDA:0,(anonymous_13)
FNDA:0,(anonymous_14)
FNDA:0,(anonymous_15)
FNDA:0,(anonymous_16)
FNDA:0,(anonymous_17)
FNDA:0,(anonymous_18)
FNDA:0,(anonymous_19)
FNDA:0,(anonymous_20)
FNDA:0,(anonymous_21)
DA:14,0
DA:81,0
DA:87,0
DA:98,0
DA:99,0
DA:100,0
DA:101,0
DA:106,0
DA:107,0
DA:108,0
DA:109,0
DA:110,0
DA:112,0
DA:113,0
DA:114,0
DA:115,0
DA:116,0
DA:117,0
DA:119,0
DA:120,0
DA:138,0
DA:139,0
DA:143,0
DA:144,0
DA:145,0
DA:160,0
DA:161,0
DA:164,0
DA:165,0
DA:166,0
DA:169,0
DA:172,0
DA:174,0
DA:176,0
DA:178,0
DA:182,0
DA:184,0
DA:187,0
DA:188,0
DA:193,0
DA:194,0
DA:195,0
DA:198,0
DA:199,0
DA:201,0
DA:203,0
DA:204,0
DA:210,0
DA:215,0
DA:216,0
DA:219,0
DA:220,0
DA:222,0
DA:227,0
DA:228,0
DA:229,0
DA:232,0
DA:235,0
DA:237,0
DA:239,0
DA:240,0
DA:243,0
DA:245,0
DA:247,0
DA:249,0
DA:250,0
DA:253,0
DA:256,0
DA:258,0
DA:260,0
DA:264,0
DA:266,0
DA:269,0
DA:270,0
DA:275,0
DA:276,0
DA:277,0
DA:280,0
DA:281,0
DA:283,0
DA:285,0
DA:286,0
DA:292,0
DA:298,0
DA:299,0
DA:301,0
DA:302,0
DA:307,0
DA:308,0
DA:309,0
DA:312,0
DA:315,0
DA:317,0
DA:319,0
DA:320,0
DA:323,0
DA:325,0
DA:327,0
DA:329,0
DA:331,0
DA:333,0
DA:335,0
DA:337,0
DA:339,0
DA:343,0
DA:345,0
DA:348,0
DA:349,0
DA:356,0
DA:362,0
DA:369,0
LF:111
LH:0
BRDA:119,0,0,0
BRDA:119,0,1,0
BRDA:144,1,0,0
BRDA:144,1,1,0
BRDA:174,2,0,0
BRDA:174,2,1,0
BRDA:187,3,0,0
BRDA:187,3,1,0
BRDA:201,4,0,0
BRDA:201,4,1,0
BRDA:219,5,0,0
BRDA:219,5,1,0
BRDA:237,6,0,0
BRDA:237,6,1,0
BRDA:245,7,0,0
BRDA:245,7,1,0
BRDA:269,8,0,0
BRDA:269,8,1,0
BRDA:283,9,0,0
BRDA:283,9,1,0
BRDA:301,10,0,0
BRDA:301,10,1,0
BRDA:317,11,0,0
BRDA:317,11,1,0
BRDA:325,12,0,0
BRDA:325,12,1,0
BRDA:348,13,0,0
BRDA:348,13,1,0
BRF:28
BRH:0
end_of_record
